<?xml version="1.0" encoding="UTF-8"?>
<testng-results skipped="0" failed="0" ignored="0" total="1" passed="1">
  <reporter-output>
  </reporter-output>
  <suite name="com.automation.dialog.TestCases.TestCasePage" duration-ms="52557" started-at="2021-07-12T08:20:16 IST" finished-at="2021-07-12T08:21:08 IST">
    <groups>
    </groups>
    <test name="Command line test" duration-ms="52557" started-at="2021-07-12T08:20:16 IST" finished-at="2021-07-12T08:21:08 IST">
      <class name="com.automation.dialog.TestCases.TestCasePage">
        <test-method status="PASS" signature="verifyPostPaid()[pri:0, instance:com.automation.dialog.TestCases.TestCasePage@2b552920]" name="verifyPostPaid" is-config="true" duration-ms="36188" started-at="2021-07-12T08:20:16 IST" finished-at="2021-07-12T08:20:52 IST">
          <reporter-output>
          </reporter-output>
        </test-method> <!-- verifyPostPaid -->
        <test-method status="PASS" signature="verifyWelcomepage()[pri:1, instance:com.automation.dialog.TestCases.TestCasePage@2b552920]" name="verifyWelcomepage" duration-ms="14949" started-at="2021-07-12T08:20:52 IST" finished-at="2021-07-12T08:21:07 IST">
          <reporter-output>
          </reporter-output>
        </test-method> <!-- verifyWelcomepage -->
        <test-method status="PASS" signature="closeDriver()[pri:0, instance:com.automation.dialog.TestCases.TestCasePage@2b552920]" name="closeDriver" is-config="true" duration-ms="1376" started-at="2021-07-12T08:21:07 IST" finished-at="2021-07-12T08:21:08 IST">
          <reporter-output>
          </reporter-output>
        </test-method> <!-- closeDriver -->
      </class> <!-- com.automation.dialog.TestCases.TestCasePage -->
    </test> <!-- Command line test -->
  </suite> <!-- com.automation.dialog.TestCases.TestCasePage -->
</testng-results>
