<?xml version="1.0" encoding="UTF-8"?>
<testng-results skipped="0" failed="0" ignored="0" total="1" passed="1">
  <reporter-output>
  </reporter-output>
  <suite name="Default suite" duration-ms="36996" started-at="2021-07-11T16:25:06 IST" finished-at="2021-07-11T16:25:43 IST">
    <groups>
    </groups>
    <test name="Default test" duration-ms="36996" started-at="2021-07-11T16:25:06 IST" finished-at="2021-07-11T16:25:43 IST">
      <class name="com.automation.dialog.TestCases.TestCasePage">
        <test-method status="PASS" signature="verifyPostPaid()[pri:0, instance:com.automation.dialog.TestCases.TestCasePage@1a3869f4]" name="verifyPostPaid" is-config="true" duration-ms="18101" started-at="2021-07-11T16:25:06 IST" finished-at="2021-07-11T16:25:24 IST">
          <reporter-output>
          </reporter-output>
        </test-method> <!-- verifyPostPaid -->
        <test-method status="PASS" signature="verifyWelcomepage()[pri:1, instance:com.automation.dialog.TestCases.TestCasePage@1a3869f4]" name="verifyWelcomepage" duration-ms="17406" started-at="2021-07-11T16:25:24 IST" finished-at="2021-07-11T16:25:41 IST">
          <reporter-output>
          </reporter-output>
        </test-method> <!-- verifyWelcomepage -->
        <test-method status="PASS" signature="closeDriver()[pri:0, instance:com.automation.dialog.TestCases.TestCasePage@1a3869f4]" name="closeDriver" is-config="true" duration-ms="1439" started-at="2021-07-11T16:25:41 IST" finished-at="2021-07-11T16:25:43 IST">
          <reporter-output>
          </reporter-output>
        </test-method> <!-- closeDriver -->
      </class> <!-- com.automation.dialog.TestCases.TestCasePage -->
    </test> <!-- Default test -->
  </suite> <!-- Default suite -->
</testng-results>
